# JRE version: Java(TM) SE Runtime Environment 18.9 (11.0.7+8) (build 11.0.7+8-LTS)
# Java VM: Java HotSpot(TM) 64-Bit Server VM 18.9 (11.0.7+8-LTS, mixed mode, tiered, compressed oops, g1 gc, windows-amd64)
Heap:
 garbage-first heap   total 129024K, used 21238K [0x0000000082000000, 0x0000000100000000)
  region size 1024K, 19 young (19456K), 4 survivors (4096K)
 Metaspace       used 23727K, capacity 24172K, committed 24496K, reserved 1071104K
  class space    used 2589K, capacity 2756K, committed 2816K, reserved 1048576K
GC Heap History (8 events):
Event: 2.916 GC heap before
{Heap before GC invocations=0 (full 0):
 garbage-first heap   total 129024K, used 14336K [0x0000000082000000, 0x0000000100000000)
  region size 1024K, 14 young (14336K), 0 survivors (0K)
 Metaspace       used 10841K, capacity 11017K, committed 11136K, reserved 1058816K
  class space    used 1041K, capacity 1120K, committed 1152K, reserved 1048576K
}
Event: 2.923 GC heap after
{Heap after GC invocations=1 (full 0):
 garbage-first heap   total 129024K, used 3118K [0x0000000082000000, 0x0000000100000000)
  region size 1024K, 2 young (2048K), 2 survivors (2048K)
 Metaspace       used 10841K, capacity 11017K, committed 11136K, reserved 1058816K
  class space    used 1041K, capacity 1120K, committed 1152K, reserved 1048576K
}
Event: 3.347 GC heap before
{Heap before GC invocations=1 (full 0):
 garbage-first heap   total 129024K, used 12334K [0x0000000082000000, 0x0000000100000000)
  region size 1024K, 11 young (11264K), 2 survivors (2048K)
 Metaspace       used 12424K, capacity 12661K, committed 12928K, reserved 1060864K
  class space    used 1252K, capacity 1348K, committed 1408K, reserved 1048576K
}
Event: 3.353 GC heap after
{Heap after GC invocations=2 (full 0):
 garbage-first heap   total 129024K, used 3861K [0x0000000082000000, 0x0000000100000000)
  region size 1024K, 1 young (1024K), 1 survivors (1024K)
 Metaspace       used 12424K, capacity 12661K, committed 12928K, reserved 1060864K
  class space    used 1252K, capacity 1348K, committed 1408K, reserved 1048576K
}
Event: 4.456 GC heap before
{Heap before GC invocations=2 (full 0):
 garbage-first heap   total 129024K, used 31509K [0x0000000082000000, 0x0000000100000000)
  region size 1024K, 28 young (28672K), 1 survivors (1024K)
 Metaspace       used 15888K, capacity 16101K, committed 16256K, reserved 1062912K
  class space    used 1682K, capacity 1809K, committed 1920K, reserved 1048576K
}
Event: 4.462 GC heap after
{Heap after GC invocations=3 (full 0):
 garbage-first heap   total 129024K, used 4736K [0x0000000082000000, 0x0000000100000000)
  region size 1024K, 2 young (2048K), 2 survivors (2048K)
 Metaspace       used 15888K, capacity 16101K, committed 16256K, reserved 1062912K
  class space    used 1682K, capacity 1809K, committed 1920K, reserved 1048576K
}
Event: 6.457 GC heap before
{Heap before GC invocations=3 (full 0):
 garbage-first heap   total 129024K, used 30336K [0x0000000082000000, 0x0000000100000000)
  region size 1024K, 28 young (28672K), 2 survivors (2048K)
 Metaspace       used 20862K, capacity 21173K, committed 21296K, reserved 1069056K
  class space    used 2247K, capacity 2379K, committed 2432K, reserved 1048576K
}
Event: 6.466 GC heap after
{Heap after GC invocations=4 (full 0):
 garbage-first heap   total 129024K, used 6902K [0x0000000082000000, 0x0000000100000000)
  region size 1024K, 4 young (4096K), 4 survivors (4096K)
 Metaspace       used 20862K, capacity 21173K, committed 21296K, reserved 1069056K
  class space    used 2247K, capacity 2379K, committed 2432K, reserved 1048576K
}

