<?xml version="1.0" encoding="UTF-8"?>
<testng-results ignored="0" total="1" passed="1" failed="0" skipped="0">
  <reporter-output>
  </reporter-output>
  <suite started-at="2020-07-18T09:57:13 IST" name="Default suite" finished-at="2020-07-18T09:58:17 IST" duration-ms="63826">
    <groups>
    </groups>
    <test started-at="2020-07-18T09:57:13 IST" name="Default test" finished-at="2020-07-18T09:58:17 IST" duration-ms="63826">
      <class name="testCases.TestCustomizeWebPage">
        <test-method is-config="true" signature="openSession()[pri:0, instance:testCases.TestCustomizeWebPage@1ebd319f]" started-at="2020-07-18T09:57:13 IST" name="openSession" finished-at="2020-07-18T09:58:17 IST" duration-ms="63488" status="PASS">
          <reporter-output>
          </reporter-output>
        </test-method> <!-- openSession -->
        <test-method signature="verifyUserIsAbleToSearchOnAmazon()[pri:0, instance:testCases.TestCustomizeWebPage@1ebd319f]" started-at="2020-07-18T09:58:17 IST" name="verifyUserIsAbleToSearchOnAmazon" finished-at="2020-07-18T09:58:17 IST" duration-ms="262" status="PASS">
          <reporter-output>
          </reporter-output>
        </test-method> <!-- verifyUserIsAbleToSearchOnAmazon -->
      </class> <!-- testCases.TestCustomizeWebPage -->
    </test> <!-- Default test -->
  </suite> <!-- Default suite -->
</testng-results>
